<?xml version="1.0" encoding="UTF-8"?>
<!-- Generated by org.testng.reporters.JUnitReportReporter -->
<testsuite skipped="0" hostname="Hareesh" name="com.company.ebay.tests.LoginTest" tests="3" failures="0" timestamp="25 Jan 2019 21:03:58 GMT" time="97.902" errors="0">
  <testcase name="selectproduct" time="47.702" classname="com.company.ebay.tests.LoginTest"/>
  <testcase name="cartandbuyproduct" time="13.171" classname="com.company.ebay.tests.LoginTest"/>
  <testcase name="appsignin" time="37.029" classname="com.company.ebay.tests.LoginTest"/>
</testsuite> <!-- com.company.ebay.tests.LoginTest -->
